<?xml version="1.0" encoding="UTF-8"?>
<testsuite xmlns:xsi="http://www.w3.org/2001/XMLSchema-instance" xsi:noNamespaceSchemaLocation="https://maven.apache.org/surefire/maven-surefire-plugin/xsd/surefire-test-report.xsd" name="MiniChat.ClientTest" time="0.004" tests="5" errors="5" skipped="0" failures="0">
  <properties>
[...]
</properties>
  <testcase name="initializationError" classname="MiniChat.ClientTest" time="0">
    <error message="Method Receive should have no parameters" type="java.lang.Exception">java.lang.Exception: Method Receive should have no parameters
</error>
  </testcase>
  <testcase name="initializationError" classname="MiniChat.ClientTest" time="0">
    <error message="Method getNom() should be void" type="java.lang.Exception">java.lang.Exception: Method getNom() should be void
</error>
  </testcase>
  <testcase name="initializationError" classname="MiniChat.ClientTest" time="0">
    <error message="Method getPwd() should be void" type="java.lang.Exception">java.lang.Exception: Method getPwd() should be void
</error>
  </testcase>
  <testcase name="initializationError" classname="MiniChat.ClientTest" time="0">
    <error message="Method ReceiveList should have no parameters" type="java.lang.Exception">java.lang.Exception: Method ReceiveList should have no parameters
</error>
  </testcase>
  <testcase name="initializationError" classname="MiniChat.ClientTest" time="0">
    <error message="Method getLogin() should be void" type="java.lang.Exception">java.lang.Exception: Method getLogin() should be void
</error>
  </testcase>
</testsuite>